<?xml version="1.0" encoding="utf-8" ?>
<testsuites tests="6" failures="1" time="0.003">
  <testsuite name="test/test_p" tests="3" failures="0" skipped="0" errors="0" time="0.001">
    <testcase name="test_nibble_zero" time="0.000"/>
    <testcase name="test_nibble_basic" time="0.000"/>
    <testcase name="test_nibble_allones" time="0.000"/>
  </testsuite>
  <testsuite name="test/test_p2" tests="3" failures="1" skipped="0" errors="0" time="0.001">
    <testcase name="test_negative_number" time="0.000"/>
    <testcase name="test_zero" time="0.000"/>
    <testcase name="test_positive_number" time="0.000">
      <failure message="Expected -1 Was 1" />
    </testcase>
  </testsuite>
</testsuites>
